This is pdfTeX, Version 3.141592653-2.6-1.40.23 (TeX Live 2022/dev) (preloaded format=pdflatex 2022.1.29)  29 JAN 2022 18:15
entering extended mode
 restricted \write18 enabled.
 %&-line parsing enabled.
**Rendite.tex
(./Rendite.tex
LaTeX2e <2021-11-15> patch level 1
L3 programming layer <2022-01-21> (/Users/Eugen/Library/TinyTeX/texmf-dist/tex/latex/base/article.cls
Document Class: article 2021/10/04 v1.4n Standard LaTeX document class
(/Users/Eugen/Library/TinyTeX/texmf-dist/tex/latex/base/size10.clo
File: size10.clo 2021/10/04 v1.4n Standard LaTeX file (size option)
)
\c@part=\count185
\c@section=\count186
\c@subsection=\count187
\c@subsubsection=\count188
\c@paragraph=\count189
\c@subparagraph=\count190
\c@figure=\count191
\c@table=\count192
\abovecaptionskip=\skip47
\belowcaptionskip=\skip48
\bibindent=\dimen138
) (/Users/Eugen/Library/TinyTeX/texmf-dist/tex/latex/graphics/graphicx.sty
Package: graphicx 2021/09/16 v1.2d Enhanced LaTeX Graphics (DPC,SPQR)
(/Users/Eugen/Library/TinyTeX/texmf-dist/tex/latex/graphics/keyval.sty
Package: keyval 2014/10/28 v1.15 key=value parser (DPC)
\KV@toks@=\toks16
) (/Users/Eugen/Library/TinyTeX/texmf-dist/tex/latex/graphics/graphics.sty
Package: graphics 2021/03/04 v1.4d Standard LaTeX Graphics (DPC,SPQR)
(/Users/Eugen/Library/TinyTeX/texmf-dist/tex/latex/graphics/trig.sty
Package: trig 2021/08/11 v1.11 sin cos tan (DPC)
) (/Users/Eugen/Library/TinyTeX/texmf-dist/tex/latex/graphics-cfg/graphics.cfg
File: graphics.cfg 2016/06/04 v1.11 sample graphics configuration
)
Package graphics Info: Driver file: pdftex.def on input line 107.
(/Users/Eugen/Library/TinyTeX/texmf-dist/tex/latex/graphics-def/pdftex.def
File: pdftex.def 2020/10/05 v1.2a Graphics/color driver for pdftex
))
\Gin@req@height=\dimen139
\Gin@req@width=\dimen140
) (/Users/Eugen/Library/TinyTeX/texmf-dist/tex/latex/graphics/color.sty
Package: color 2021/12/07 v1.3c Standard LaTeX Color (DPC)
(/Users/Eugen/Library/TinyTeX/texmf-dist/tex/latex/graphics-cfg/color.cfg
File: color.cfg 2016/01/02 v1.6 sample color configuration
)
Package color Info: Driver file: pdftex.def on input line 149.
) (/Users/Eugen/Library/TinyTeX/texmf-dist/tex/latex/framed/framed.sty
Package: framed 2011/10/22 v 0.96: framed or shaded text with page breaks
\OuterFrameSep=\skip49
\fb@frw=\dimen141
\fb@frh=\dimen142
\FrameRule=\dimen143
\FrameSep=\dimen144
) (/Users/Eugen/Library/TinyTeX/texmf-dist/tex/latex/base/alltt.sty
Package: alltt 2021/01/29 v2.0g defines alltt environment
) (/Users/Eugen/Library/TinyTeX/texmf-dist/tex/latex/psnfss/mathpazo.sty
Package: mathpazo 2020/03/25 PSNFSS-v9.3 Palatino w/ Pazo Math (D.Puga, WaS) 
\symupright=\mathgroup4
) (/Users/Eugen/Library/TinyTeX/texmf-dist/tex/latex/base/fontenc.sty
Package: fontenc 2021/04/29 v2.0v Standard LaTeX package
LaTeX Font Info:    Trying to load font information for T1+pplx on input line 112.
(/Users/Eugen/Library/TinyTeX/texmf-dist/tex/latex/psnfss/t1pplx.fd
File: t1pplx.fd 2004/09/06 font definitions for T1/pplx.
)) (/Users/Eugen/Library/TinyTeX/texmf-dist/tex/latex/geometry/geometry.sty
Package: geometry 2020/01/02 v5.9 Page Geometry
(/Users/Eugen/Library/TinyTeX/texmf-dist/tex/generic/iftex/ifvtex.sty
Package: ifvtex 2019/10/25 v1.7 ifvtex legacy package. Use iftex instead.
(/Users/Eugen/Library/TinyTeX/texmf-dist/tex/generic/iftex/iftex.sty
Package: iftex 2020/03/06 v1.0d TeX engine tests
))
\Gm@cnth=\count193
\Gm@cntv=\count194
\c@Gm@tempcnt=\count195
\Gm@bindingoffset=\dimen145
\Gm@wd@mp=\dimen146
\Gm@odd@mp=\dimen147
\Gm@even@mp=\dimen148
\Gm@layoutwidth=\dimen149
\Gm@layoutheight=\dimen150
\Gm@layouthoffset=\dimen151
\Gm@layoutvoffset=\dimen152
\Gm@dimlist=\toks17
) (/Users/Eugen/Library/TinyTeX/texmf-dist/tex/latex/hyperref/hyperref.sty
Package: hyperref 2021-06-07 v7.00m Hypertext links for LaTeX
(/Users/Eugen/Library/TinyTeX/texmf-dist/tex/generic/ltxcmds/ltxcmds.sty
Package: ltxcmds 2020-05-10 v1.25 LaTeX kernel commands for general use (HO)
) (/Users/Eugen/Library/TinyTeX/texmf-dist/tex/generic/pdftexcmds/pdftexcmds.sty
Package: pdftexcmds 2020-06-27 v0.33 Utility functions of pdfTeX for LuaTeX (HO)
(/Users/Eugen/Library/TinyTeX/texmf-dist/tex/generic/infwarerr/infwarerr.sty
Package: infwarerr 2019/12/03 v1.5 Providing info/warning/error messages (HO)
)
Package pdftexcmds Info: \pdf@primitive is available.
Package pdftexcmds Info: \pdf@ifprimitive is available.
Package pdftexcmds Info: \pdfdraftmode found.
) (/Users/Eugen/Library/TinyTeX/texmf-dist/tex/generic/kvsetkeys/kvsetkeys.sty
Package: kvsetkeys 2019/12/15 v1.18 Key value parser (HO)
) (/Users/Eugen/Library/TinyTeX/texmf-dist/tex/generic/kvdefinekeys/kvdefinekeys.sty
Package: kvdefinekeys 2019-12-19 v1.6 Define keys (HO)
) (/Users/Eugen/Library/TinyTeX/texmf-dist/tex/generic/pdfescape/pdfescape.sty
Package: pdfescape 2019/12/09 v1.15 Implements pdfTeX's escape features (HO)
) (/Users/Eugen/Library/TinyTeX/texmf-dist/tex/latex/hycolor/hycolor.sty
Package: hycolor 2020-01-27 v1.10 Color options for hyperref/bookmark (HO)
) (/Users/Eugen/Library/TinyTeX/texmf-dist/tex/latex/letltxmacro/letltxmacro.sty
Package: letltxmacro 2019/12/03 v1.6 Let assignment for LaTeX macros (HO)
) (/Users/Eugen/Library/TinyTeX/texmf-dist/tex/latex/auxhook/auxhook.sty
Package: auxhook 2019-12-17 v1.6 Hooks for auxiliary files (HO)
) (/Users/Eugen/Library/TinyTeX/texmf-dist/tex/latex/kvoptions/kvoptions.sty
Package: kvoptions 2020-10-07 v3.14 Key value format for package options (HO)
)
\@linkdim=\dimen153
\Hy@linkcounter=\count196
\Hy@pagecounter=\count197
(/Users/Eugen/Library/TinyTeX/texmf-dist/tex/latex/hyperref/pd1enc.def
File: pd1enc.def 2021-06-07 v7.00m Hyperref: PDFDocEncoding definition (HO)
Now handling font encoding PD1 ...
... no UTF-8 mapping file for font encoding PD1
) (/Users/Eugen/Library/TinyTeX/texmf-dist/tex/latex/hyperref/hyperref-langpatches.def
File: hyperref-langpatches.def 2021-06-07 v7.00m Hyperref: patches for babel languages
) (/Users/Eugen/Library/TinyTeX/texmf-dist/tex/generic/intcalc/intcalc.sty
Package: intcalc 2019/12/15 v1.3 Expandable calculations with integers (HO)
) (/Users/Eugen/Library/TinyTeX/texmf-dist/tex/generic/etexcmds/etexcmds.sty
Package: etexcmds 2019/12/15 v1.7 Avoid name clashes with e-TeX commands (HO)
)
\Hy@SavedSpaceFactor=\count198
(/Users/Eugen/Library/TinyTeX/texmf-dist/tex/latex/hyperref/puenc.def
File: puenc.def 2021-06-07 v7.00m Hyperref: PDF Unicode definition (HO)
Now handling font encoding PU ...
... no UTF-8 mapping file for font encoding PU
)
Package hyperref Info: Option `unicode' set `true' on input line 4073.
Package hyperref Info: Option `pdfusetitle' set `true' on input line 4073.
Package hyperref Info: Option `bookmarks' set `true' on input line 4073.
Package hyperref Info: Option `bookmarksnumbered' set `true' on input line 4073.
Package hyperref Info: Option `bookmarksopen' set `true' on input line 4073.
Package hyperref Info: Option `breaklinks' set `false' on input line 4073.
Package hyperref Info: Option `colorlinks' set `false' on input line 4073.
Package hyperref Info: Hyper figures OFF on input line 4192.
Package hyperref Info: Link nesting OFF on input line 4197.
Package hyperref Info: Hyper index ON on input line 4200.
Package hyperref Info: Plain pages OFF on input line 4207.
Package hyperref Info: Backreferencing OFF on input line 4212.
Package hyperref Info: Implicit mode ON; LaTeX internals redefined.
Package hyperref Info: Bookmarks ON on input line 4445.
\c@Hy@tempcnt=\count199
(/Users/Eugen/Library/TinyTeX/texmf-dist/tex/latex/url/url.sty
\Urlmuskip=\muskip16
Package: url 2013/09/16  ver 3.4  Verb mode for urls, etc.
)
LaTeX Info: Redefining \url on input line 4804.
\XeTeXLinkMargin=\dimen154
(/Users/Eugen/Library/TinyTeX/texmf-dist/tex/generic/bitset/bitset.sty
Package: bitset 2019/12/09 v1.3 Handle bit-vector datatype (HO)
(/Users/Eugen/Library/TinyTeX/texmf-dist/tex/generic/bigintcalc/bigintcalc.sty
Package: bigintcalc 2019/12/15 v1.5 Expandable calculations on big integers (HO)
))
\Fld@menulength=\count266
\Field@Width=\dimen155
\Fld@charsize=\dimen156
Package hyperref Info: Hyper figures OFF on input line 6076.
Package hyperref Info: Link nesting OFF on input line 6081.
Package hyperref Info: Hyper index ON on input line 6084.
Package hyperref Info: backreferencing OFF on input line 6091.
Package hyperref Info: Link coloring OFF on input line 6096.
Package hyperref Info: Link coloring with OCG OFF on input line 6101.
Package hyperref Info: PDF/A mode OFF on input line 6106.
LaTeX Info: Redefining \ref on input line 6146.
LaTeX Info: Redefining \pageref on input line 6150.
(/Users/Eugen/Library/TinyTeX/texmf-dist/tex/latex/base/atbegshi-ltx.sty
Package: atbegshi-ltx 2021/01/10 v1.0c Emulation of the original atbegshi
package with kernel methods
)
\Hy@abspage=\count267
\c@Item=\count268
\c@Hfootnote=\count269
)
Package hyperref Info: Driver (autodetected): hpdftex.
(/Users/Eugen/Library/TinyTeX/texmf-dist/tex/latex/hyperref/hpdftex.def
File: hpdftex.def 2021-06-07 v7.00m Hyperref driver for pdfTeX
(/Users/Eugen/Library/TinyTeX/texmf-dist/tex/latex/base/atveryend-ltx.sty
Package: atveryend-ltx 2020/08/19 v1.0a Emulation of the original atveryend package
with kernel methods
)
\Fld@listcount=\count270
\c@bookmark@seq@number=\count271
(/Users/Eugen/Library/TinyTeX/texmf-dist/tex/latex/rerunfilecheck/rerunfilecheck.sty
Package: rerunfilecheck 2019/12/05 v1.9 Rerun checks for auxiliary files (HO)
(/Users/Eugen/Library/TinyTeX/texmf-dist/tex/generic/uniquecounter/uniquecounter.sty
Package: uniquecounter 2019/12/15 v1.4 Provide unlimited unique counter (HO)
)
Package uniquecounter Info: New unique counter `rerunfilecheck' on input line 286.
)
\Hy@SectionHShift=\skip50
) (/Users/Eugen/Library/TinyTeX/texmf-dist/tex/latex/l3backend/l3backend-pdftex.def
File: l3backend-pdftex.def 2022-01-12 L3 backend support: PDF output (pdfTeX)
\l__color_backend_stack_int=\count272
\l__pdf_internal_box=\box50
) (./Rendite.aux)
\openout1 = `Rendite.aux'.

LaTeX Font Info:    Checking defaults for OML/cmm/m/it on input line 76.
LaTeX Font Info:    ... okay on input line 76.
LaTeX Font Info:    Checking defaults for OMS/cmsy/m/n on input line 76.
LaTeX Font Info:    ... okay on input line 76.
LaTeX Font Info:    Checking defaults for OT1/cmr/m/n on input line 76.
LaTeX Font Info:    ... okay on input line 76.
LaTeX Font Info:    Checking defaults for T1/cmr/m/n on input line 76.
LaTeX Font Info:    ... okay on input line 76.
LaTeX Font Info:    Checking defaults for TS1/cmr/m/n on input line 76.
LaTeX Font Info:    ... okay on input line 76.
LaTeX Font Info:    Checking defaults for OMX/cmex/m/n on input line 76.
LaTeX Font Info:    ... okay on input line 76.
LaTeX Font Info:    Checking defaults for U/cmr/m/n on input line 76.
LaTeX Font Info:    ... okay on input line 76.
LaTeX Font Info:    Checking defaults for PD1/pdf/m/n on input line 76.
LaTeX Font Info:    ... okay on input line 76.
LaTeX Font Info:    Checking defaults for PU/pdf/m/n on input line 76.
LaTeX Font Info:    ... okay on input line 76.
(/Users/Eugen/Library/TinyTeX/texmf-dist/tex/latex/epstopdf-pkg/epstopdf-base.sty
Package: epstopdf-base 2020-01-24 v2.11 Base part for package epstopdf
Package epstopdf-base Info: Redefining graphics rule for `.eps' on input line 485.
(/Users/Eugen/Library/TinyTeX/texmf-dist/tex/latex/latexconfig/epstopdf-sys.cfg
File: epstopdf-sys.cfg 2010/07/13 v1.3 Configuration of (r)epstopdf for TeX Live
))
\big@size=\dimen157
*geometry* driver: auto-detecting
*geometry* detected driver: pdftex

Package geometry Warning: The marginal notes overrun the paper.
     Add 4.86812pt and more to the right margin.

*geometry* verbose mode - [ preamble ] result:
* driver: pdftex
* paper: <default>
* layout: <same size as paper>
* layoutoffset:(h,v)=(0.0pt,0.0pt)
* modes: 
* h-part:(L,W,R)=(71.13188pt, 472.03123pt, 71.13188pt)
* v-part:(T,H,B)=(71.13188pt, 652.70622pt, 71.13188pt)
* \paperwidth=614.295pt
* \paperheight=794.96999pt
* \textwidth=472.03123pt
* \textheight=652.70622pt
* \oddsidemargin=-1.1381pt
* \evensidemargin=-1.1381pt
* \topmargin=-38.1381pt
* \headheight=12.0pt
* \headsep=25.0pt
* \topskip=10.0pt
* \footskip=30.0pt
* \marginparwidth=65.0pt
* \marginparsep=11.0pt
* \columnsep=10.0pt
* \skip\footins=9.0pt plus 4.0pt minus 2.0pt
* \hoffset=0.0pt
* \voffset=0.0pt
* \mag=1000
* \@twocolumnfalse
* \@twosidefalse
* \@mparswitchfalse
* \@reversemarginfalse
* (1in=72.27pt=25.4mm, 1cm=28.453pt)

Package hyperref Info: Link coloring OFF on input line 76.
(/Users/Eugen/Library/TinyTeX/texmf-dist/tex/latex/hyperref/nameref.sty
Package: nameref 2021-04-02 v2.47 Cross-referencing by name of section
(/Users/Eugen/Library/TinyTeX/texmf-dist/tex/latex/refcount/refcount.sty
Package: refcount 2019/12/15 v3.6 Data extraction from label references (HO)
) (/Users/Eugen/Library/TinyTeX/texmf-dist/tex/generic/gettitlestring/gettitlestring.sty
Package: gettitlestring 2019/12/15 v1.6 Cleanup title references (HO)
)
\c@section@level=\count273
)
LaTeX Info: Redefining \ref on input line 76.
LaTeX Info: Redefining \pageref on input line 76.
LaTeX Info: Redefining \nameref on input line 76.
(./Rendite.out) (./Rendite.out)
\@outlinefile=\write3
\openout3 = `Rendite.out'.

Package color Info: Redefining color shadecolor on input line 88.
LaTeX Font Info:    Trying to load font information for T1+lmtt on input line 89.
(/Users/Eugen/Library/TinyTeX/texmf-dist/tex/latex/lm/t1lmtt.fd
File: t1lmtt.fd 2015/05/01 v1.6.1 Font defs for Latin Modern
)
LaTeX Font Info:    Font shape `T1/lmtt/bx/n' in size <10> not available
(Font)              Font shape `T1/lmtt/b/n' tried instead on input line 90.

Overfull \hbox (5.71738pt too wide) in paragraph at lines 91--91
[][]\T1/lmtt/m/n/10 new.packages[] []<-[] []list.of.packages[[][]![][](list.of.packages[] []%in%[] []\T1/lmtt/b/n/10 installed.packages[][]\T1/lmtt/m/n/10 ()[,[][]"Package"[][]])][][] 
 []


Overfull \hbox (222.70287pt too wide) in paragraph at lines 97--97
[][]\T1/lmtt/m/it/10 ## Formel für Dichtefunktion von V und Verteilungsfunktion von V bzw. P(Gesamtrendite \in  (l,h)). Herleitung siehe Uebungsblatt 13.[][] 
 []

<figure/Rendite-Rnwauto-report-1.pdf, id=4, 433.62pt x 433.62pt>
File: figure/Rendite-Rnwauto-report-1.pdf Graphic file (type pdf)
<use figure/Rendite-Rnwauto-report-1.pdf>
Package pdftex.def Info: figure/Rendite-Rnwauto-report-1.pdf  used on input line 115.
(pdftex.def)             Requested size: 283.22162pt x 283.23251pt.

Overfull \hbox (54.70335pt too wide) in paragraph at lines 137--137
[][]\T1/lmtt/m/it/10 # Plots zum veranschaulichen des Unterschieds zwischen Verteilung gemäÿ Faltung und Normalverteilung[][] 
 []


Overfull \hbox (138.70311pt too wide) in paragraph at lines 145--145
[]  []\T1/lmtt/b/n/10 geom_line[][]\T1/lmtt/m/n/10 ([][]\T1/lmtt/b/n/10 aes[][]\T1/lmtt/m/n/10 ([][]y[][]=z),[][]color[] []=[] []"red"[][])[]   []\T1/lmtt/m/it/10 #Verteilungsfunktion der Normalverteilung mit \mu = E(V) und \sigma^2 = Var(V)[][] 
 []

[1

{/Users/Eugen/Library/TinyTeX/texmf-var/fonts/map/pdftex/updmap/pdftex.map} <./figure/Rendite-Rnwauto-report-1.pdf>]
<figure/Rendite-Rnwauto-report-2.pdf, id=19, 433.62pt x 433.62pt>
File: figure/Rendite-Rnwauto-report-2.pdf Graphic file (type pdf)
<use figure/Rendite-Rnwauto-report-2.pdf>
Package pdftex.def Info: figure/Rendite-Rnwauto-report-2.pdf  used on input line 149.
(pdftex.def)             Requested size: 283.22162pt x 283.23251pt.

Overfull \hbox (117.70317pt too wide) in paragraph at lines 159--159
[]  []\T1/lmtt/b/n/10 geom_line[][]\T1/lmtt/m/n/10 ([][]\T1/lmtt/b/n/10 aes[][]\T1/lmtt/m/n/10 ([][]y[][]=z),[][]color[] []=[] []"red"[][])[]    []\T1/lmtt/m/it/10 #Dichtefunktion der Normalverteilung mit \mu = E(V) und \sigma^2 = Var(V)[][] 
 []

<figure/Rendite-Rnwauto-report-3.pdf, id=20, 433.62pt x 433.62pt>
File: figure/Rendite-Rnwauto-report-3.pdf Graphic file (type pdf)
<use figure/Rendite-Rnwauto-report-3.pdf>
Package pdftex.def Info: figure/Rendite-Rnwauto-report-3.pdf  used on input line 163.
(pdftex.def)             Requested size: 283.22162pt x 283.23251pt.
[2 <./figure/Rendite-Rnwauto-report-2.pdf>]
Package color Info: Redefining color shadecolor on input line 206.
[3 <./figure/Rendite-Rnwauto-report-3.pdf>]
Overfull \hbox (10.96736pt too wide) in paragraph at lines 236--236
[]\T1/lmtt/m/n/10 ##  [1] knitr_1.36       magrittr_2.0.1   tidyselect_1.1.1 munsell_0.5.0    colorspace_2.0-2[] 
 []


Overfull \hbox (0.46739pt too wide) in paragraph at lines 236--236
[]\T1/lmtt/m/n/10 ## [26] purrr_0.3.4      vctrs_0.3.8      evaluate_0.14    glue_1.6.0       labeling_0.4.2[] 
 []

[4] (./Rendite.aux)
Package rerunfilecheck Info: File `Rendite.out' has not changed.
(rerunfilecheck)             Checksum: D41D8CD98F00B204E9800998ECF8427E;0.
 ) 
Here is how much of TeX's memory you used:
 8870 strings out of 480247
 141454 string characters out of 5895293
 438006 words of memory out of 5000000
 26708 multiletter control sequences out of 15000+600000
 472845 words of font info for 34 fonts, out of 8000000 for 9000
 14 hyphenation exceptions out of 8191
 60i,5n,63p,352b,373s stack positions out of 5000i,500n,10000p,200000b,80000s
{/Users/Eugen/Library/TinyTeX/texmf-dist/fonts/enc/dvips/lm/lm-ec.enc}{/Users/Eugen/Library/TinyTeX/texmf-dist/fonts/enc/dvips/base/8r.enc}</Users/Eugen/Library/TinyTeX/texmf-dist/fonts/type1/public/lm/lmtk10.pfb></Users/Eugen/Library/TinyTeX/texmf-dist/fonts/type1/public/lm/lmtt10.pfb></Users/Eugen/Library/TinyTeX/texmf-dist/fonts/type1/public/lm/lmtti10.pfb></Users/Eugen/Library/TinyTeX/texmf-dist/fonts/type1/urw/palatino/uplr8a.pfb>
Output written on Rendite.pdf (4 pages, 116730 bytes).
PDF statistics:
 65 PDF objects out of 1000 (max. 8388607)
 44 compressed objects within 1 object stream
 5 named destinations out of 1000 (max. 500000)
 16 words of extra memory for PDF output out of 10000 (max. 10000000)

